CRITICAL - 2022-12-06 21:46:04 --> syntax error, unexpected token "<"
in APPPATH/Views/admin/client/listClients.php on line 44.
 1 SYSTEMPATH/View/View.php(216): CodeIgniter\View\View->CodeIgniter\View\{closure}()
 2 SYSTEMPATH/Common.php(1134): CodeIgniter\View\View->render('admin/client/listClients', [], true)
 3 APPPATH/Controllers/Admin/Client.php(15): view('admin/client/listClients', [...])
 4 SYSTEMPATH/CodeIgniter.php(927): App\Controllers\Admin\Client->listClients()
 5 SYSTEMPATH/CodeIgniter.php(482): CodeIgniter\CodeIgniter->runController(Object(App\Controllers\Admin\Client))
 6 SYSTEMPATH/CodeIgniter.php(351): CodeIgniter\CodeIgniter->handleRequest(null, Object(Config\Cache), false)
 7 FCPATH/index.php(67): CodeIgniter\CodeIgniter->run()
CRITICAL - 2022-12-06 23:22:35 --> Undefined variable $arrayProducts
in APPPATH/Views/client/listProducts.php on line 12.
 1 APPPATH/Views/client/listProducts.php(12): CodeIgniter\Debug\Exceptions->errorHandler(2, 'Undefined variable $arrayProducts', 'APPPATH/Views/client/listProducts.php', 12)
 2 SYSTEMPATH/View/View.php(213): include('APPPATH/Views/client/listProducts.php')
 3 SYSTEMPATH/View/View.php(216): CodeIgniter\View\View->CodeIgniter\View\{closure}()
 4 SYSTEMPATH/Common.php(1134): CodeIgniter\View\View->render('client/listProducts', [], true)
 5 APPPATH/Controllers/Product.php(18): view('client/listProducts', [...])
 6 SYSTEMPATH/CodeIgniter.php(927): App\Controllers\Product->listProducts()
 7 SYSTEMPATH/CodeIgniter.php(482): CodeIgniter\CodeIgniter->runController(Object(App\Controllers\Product))
 8 SYSTEMPATH/CodeIgniter.php(351): CodeIgniter\CodeIgniter->handleRequest(null, Object(Config\Cache), false)
 9 FCPATH/index.php(67): CodeIgniter\CodeIgniter->run()
CRITICAL - 2022-12-06 23:28:12 --> Undefined variable $arrayProducts
in APPPATH/Views/client/listProducts.php on line 12.
 1 APPPATH/Views/client/listProducts.php(12): CodeIgniter\Debug\Exceptions->errorHandler(2, 'Undefined variable $arrayProducts', 'APPPATH/Views/client/listProducts.php', 12)
 2 SYSTEMPATH/View/View.php(213): include('APPPATH/Views/client/listProducts.php')
 3 SYSTEMPATH/View/View.php(216): CodeIgniter\View\View->CodeIgniter\View\{closure}()
 4 SYSTEMPATH/Common.php(1134): CodeIgniter\View\View->render('client/listProducts', [], true)
 5 APPPATH/Controllers/Product.php(18): view('client/listProducts', [...])
 6 SYSTEMPATH/CodeIgniter.php(927): App\Controllers\Product->listProducts()
 7 SYSTEMPATH/CodeIgniter.php(482): CodeIgniter\CodeIgniter->runController(Object(App\Controllers\Product))
 8 SYSTEMPATH/CodeIgniter.php(351): CodeIgniter\CodeIgniter->handleRequest(null, Object(Config\Cache), false)
 9 FCPATH/index.php(67): CodeIgniter\CodeIgniter->run()
CRITICAL - 2022-12-06 23:41:14 --> Cannot use object of type CodeIgniter\Session\Session as array
in APPPATH/Views/admin/main/login.php on line 21.
 1 SYSTEMPATH/View/View.php(213): include()
 2 SYSTEMPATH/View/View.php(216): CodeIgniter\View\View->CodeIgniter\View\{closure}()
 3 SYSTEMPATH/Common.php(1134): CodeIgniter\View\View->render('admin/main/login', [], true)
 4 APPPATH/Controllers/Admin/Admin.php(21): view('admin/main/login')
 5 SYSTEMPATH/CodeIgniter.php(927): App\Controllers\Admin\Admin->login()
 6 SYSTEMPATH/CodeIgniter.php(482): CodeIgniter\CodeIgniter->runController(Object(App\Controllers\Admin\Admin))
 7 SYSTEMPATH/CodeIgniter.php(351): CodeIgniter\CodeIgniter->handleRequest(null, Object(Config\Cache), false)
 8 FCPATH/index.php(67): CodeIgniter\CodeIgniter->run()
CRITICAL - 2022-12-06 23:44:19 --> Undefined property: App\Controllers\Admin\Admin::$session
in APPPATH/Controllers/Admin/Admin.php on line 26.
 1 APPPATH/Controllers/Admin/Admin.php(26): CodeIgniter\Debug\Exceptions->errorHandler(2, 'Undefined property: App\\Controllers\\Admin\\Admin::$session', 'APPPATH/Controllers/Admin/Admin.php', 26)
 2 SYSTEMPATH/CodeIgniter.php(927): App\Controllers\Admin\Admin->logout()
 3 SYSTEMPATH/CodeIgniter.php(482): CodeIgniter\CodeIgniter->runController(Object(App\Controllers\Admin\Admin))
 4 SYSTEMPATH/CodeIgniter.php(351): CodeIgniter\CodeIgniter->handleRequest(null, Object(Config\Cache), false)
 5 FCPATH/index.php(67): CodeIgniter\CodeIgniter->run()
